<?xml version="1.0" encoding="UTF-8"?>
<!-- Generated by org.testng.reporters.JUnitReportReporter -->
<testsuite skipped="0" hostname="DESKTOP-E1J5J4G" name="org.deserization.StateList" tests="1" failures="0" timestamp="26 Apr 2023 09:38:52 GMT" time="3.549" errors="0">
  <testcase name="stateList" time="3.549" classname="org.deserization.StateList"/>
</testsuite> <!-- org.deserization.StateList -->
